(a4,f7.4,a1,1x,f8.4,a1,1x,i4,1x,i1,1x,i3,1x,f5.2,2x,f5.2)
ST0 35.5249N 117.3646W  670 1 000  0.00   0.00   1
ST1 35.8157N 117.5975W  775 1 001  0.00   0.00   1
ST2 36.2714N 117.5922W 1477 1 002  0.00   0.00   1
ST3 35.9825N 117.8089W 1469 1 003  0.00   0.00   1
ST4 35.4795N 117.6821W 1340 1 004  0.00   0.00   1
ST5 36.0579N 117.4891W 1839 1 005  0.00   0.00   1
ST6 35.8909N 117.2834W 1174 1 006  0.00   0.00   1
ST7 35.6923N 117.7505W  667 1 007  0.00   0.00   1
ST8 35.8085N 117.7649W  685 1 008  0.00   0.00   1
ST9 35.6084N 117.8905W  892 1 009  0.00   0.00   1
ST1036.0252N 117.7653W 1143 1 010  0.00   0.00   1
ST1136.1175N 117.8549W 1537 1 011  0.00   0.00   1
ST1235.9479N 117.6504W  943 1 012  0.00   0.00   1
ST1335.6651N 117.4237W  570 1 013  0.00   0.00   1
ST1435.8291N 117.3555W  542 1 014  0.00   0.00   1
ST1535.6220N 117.5691W  762 1 015  0.00   0.00   1
ST1635.4783N 117.5602W 1005 1 016  0.00   0.00   1
ST1735.5893N 117.2869W  612 1 017  0.00   0.00   1
ST1835.5996N 117.4927W  796 1 018  0.00   0.00   1
ST1935.6455N 117.4776W  602 1 019  0.00   0.00   1
ST2035.8855N 117.7048W  688 1 020  0.00   0.00   1
ST2135.7705N 117.5997W  671 1 021  0.00   0.00   1
ST2235.9023N 117.7018W  707 1 022  0.00   0.00   1
ST2335.7224N 117.5719W  664 1 023  0.00   0.00   1
ST2435.6012N 117.3811W  598 1 024  0.00   0.00   1
ST2535.6976N 117.6032W  664 1 025  0.00   0.00   1
ST2635.5761N 117.4187W  604 1 026  0.00   0.00   1

