(a4,f7.4,a1,1x,f8.4,a1,1x,i4,1x,i1,1x,i3,1x,f5.2,2x,f5.2)                       
ST0 35.5249N 117.3646W    0 1   0  0.00   0.00       lon,z,model,icc,ptcor,stcor
ST1 35.8157N 117.5975W    0 2   1 -0.07  -0.09                                  
ST2 36.2714N 117.5922W    0 1   2 -0.32  -0.56                                  
ST3 35.9825N 117.8089W    0 2   3 -0.23  -0.37                                  
ST4 35.4795N 117.6821W    0 1   4 -0.21  -0.26                                  
ST5 36.0579N 117.4891W    0 2   5 -0.24  -0.51                                  
ST6 35.8909N 117.2834W    0 1   6 -0.42  -0.77                                  
ST7 35.6923N 117.7505W    0 2   7  0.12   0.36                                  
ST8 35.8085N 117.7649W    0 1   8  0.36   0.69                                  
ST9 35.6084N 117.8905W    0 2   9  0.05   0.17                                  
ST1036.0252N 117.7653W    0 1  10 -0.31  -0.46                                  
ST1136.1175N 117.8549W    0 2  11 -0.32  -0.23                                  
ST1235.9479N 117.6504W    0 1  12 -0.25  -0.44                                  
ST1335.6651N 117.4237W    0 2  13 -0.25  -0.33                                  
ST1435.8291N 117.3555W    0 1  14 -0.38  -0.64                                  
ST1535.6220N 117.5691W    0 2  15 -0.21  -0.21                                  
ST1635.4783N 117.5602W    0 1  16 -0.12  -0.13                                  
ST1735.5893N 117.2869W    0 2  17 -0.00  -0.03                                  
ST1835.5996N 117.4927W    0 1  18 -0.18  -0.21                                  
ST1935.6455N 117.4776W    0 2  19 -0.20  -0.26                                  
ST2035.8855N 117.7048W    0 1  20  0.02   0.07                                  
ST2135.7705N 117.5997W    0 2  21 -0.05  -0.04                                  
ST2235.9023N 117.7018W    0 1  22 -0.02  -0.01                                  
ST2335.7224N 117.5719W    0 2  23 -0.14  -0.16                                  
ST2435.6012N 117.3811W    0 1  24 -0.09  -0.11                                  
ST2535.6976N 117.6032W    0 2  25 -0.10  -0.04                                  
ST2635.5761N 117.4187W    0 1  26  0.00  -0.08                                  

