ST0       35.5249 -117.3646    0.0000    0.0000    2532    1661       0       0    0.0322    0.0000   1
ST1       35.8157 -117.5975    0.0000    0.0000    2761    1320       0       0    0.0265    0.0000   1
ST2       36.2714 -117.5922    0.0000    0.0000    1722    1013       0       0    0.0263    0.0000   1
ST3       35.9825 -117.8089    0.0000    0.0000    1973    1106       0       0    0.0245    0.0000   1
ST4       35.4795 -117.6821    0.0000    0.0000    2439    1379       0       0    0.0293    0.0000   1
ST5       36.0579 -117.4891    0.0000    0.0000    2168    1127       0       0    0.0256    0.0000   1
ST6       35.8909 -117.2834    0.0000    0.0000    2401    1544       0       0    0.0279    0.0000   1
ST7       35.6923 -117.7505    0.0000    0.0000    2713    1293       0       0    0.0240    0.0000   1
ST8       35.8085 -117.7649    0.0000    0.0000    2548    1338       0       0    0.0251    0.0000   1
ST9       35.6084 -117.8905    0.0000    0.0000    2432    1108       0       0    0.0299    0.0000   1
ST10      36.0252 -117.7653    0.0000    0.0000    2063    1229       0       0    0.0238    0.0000   1
ST11      36.1175 -117.8549    0.0000    0.0000    1646    1078       0       0    0.0245    0.0000   1
ST12      35.9479 -117.6504    0.0000    0.0000    2327    1457       0       0    0.0248    0.0000   1
ST13      35.6651 -117.4237    0.0000    0.0000    2584    1441       0       0    0.0280    0.0000   1
ST14      35.8291 -117.3555    0.0000    0.0000    2500    1355       0       0    0.0297    0.0000   1
ST15      35.6220 -117.5691    0.0000    0.0000    2495    1688       0       0    0.0285    0.0000   1
ST16      35.4783 -117.5602    0.0000    0.0000    2429    1194       0       0    0.0270    0.0000   1
ST17      35.5893 -117.2869    0.0000    0.0000    2846    1313       0       0    0.0299    0.0000   1
ST18      35.5996 -117.4927    0.0000    0.0000    2416    1314       0       0    0.0251    0.0000   1
ST19      35.6455 -117.4776    0.0000    0.0000    2494    1637       0       0    0.0274    0.0000   1
ST20      35.8855 -117.7048    0.0000    0.0000    2238    1544       0       0    0.0246    0.0000   1
ST21      35.7705 -117.5997    0.0000    0.0000    3054    1283       0       0    0.0272    0.0000   1
ST22      35.9023 -117.7018    0.0000    0.0000    2566    1440       0       0    0.0221    0.0000   1
ST23      35.7224 -117.5719    0.0000    0.0000    2632    1444       0       0    0.0269    0.0000   1
ST24      35.6012 -117.3811    0.0000    0.0000    2506    1184       0       0    0.0259    0.0000   1
ST25      35.6976 -117.6032    0.0000    0.0000    2852    1358       0       0    0.0276    0.0000   1
ST26      35.5761 -117.4187    0.0000    0.0000    2513    1501       0       0    0.0268    0.0000   1
ST0       35.5249 -117.3646    0.0000    0.0000    1558     713       0       0    0.0218    0.0000   2
ST1       35.8157 -117.5975    0.0000    0.0000    2605    1237       0       0    0.0263    0.0000   2
ST2       36.2714 -117.5922    0.0000    0.0000    2215    1118       0       0    0.0220    0.0000   2
ST3       35.9825 -117.8089    0.0000    0.0000    2205    1223       0       0    0.0237    0.0000   2
ST4       35.4795 -117.6821    0.0000    0.0000    1990    1035       0       0    0.0235    0.0000   2
ST5       36.0579 -117.4891    0.0000    0.0000    2447    1043       0       0    0.0223    0.0000   2
ST6       35.8909 -117.2834    0.0000    0.0000    2253    1205       0       0    0.0211    0.0000   2
ST7       35.6923 -117.7505    0.0000    0.0000    2405    1261       0       0    0.0216    0.0000   2
ST8       35.8085 -117.7649    0.0000    0.0000    2473     986       0       0    0.0241    0.0000   2
ST9       35.6084 -117.8905    0.0000    0.0000    2284     924       0       0    0.0220    0.0000   2
ST10      36.0252 -117.7653    0.0000    0.0000    2326    1365       0       0    0.0223    0.0000   2
ST11      36.1175 -117.8549    0.0000    0.0000    2469    1426       0       0    0.0234    0.0000   2
ST12      35.9479 -117.6504    0.0000    0.0000    2152    1187       0       0    0.0290    0.0000   2
ST13      35.6651 -117.4237    0.0000    0.0000    2103    1072       0       0    0.0209    0.0000   2
ST14      35.8291 -117.3555    0.0000    0.0000    2261    1301       0       0    0.0220    0.0000   2
ST15      35.6220 -117.5691    0.0000    0.0000    2087    1294       0       0    0.0218    0.0000   2
ST16      35.4783 -117.5602    0.0000    0.0000    1804     781       0       0    0.0225    0.0000   2
ST17      35.5893 -117.2869    0.0000    0.0000    1741     886       0       0    0.0221    0.0000   2
ST18      35.5996 -117.4927    0.0000    0.0000    2059    1160       0       0    0.0221    0.0000   2
ST19      35.6455 -117.4776    0.0000    0.0000    2449    1128       0       0    0.0195    0.0000   2
ST20      35.8855 -117.7048    0.0000    0.0000    2529    1189       0       0    0.0246    0.0000   2
ST21      35.7705 -117.5997    0.0000    0.0000    2196    1116       0       0    0.0226    0.0000   2
ST22      35.9023 -117.7018    0.0000    0.0000    2521    1007       0       0    0.0261    0.0000   2
ST23      35.7224 -117.5719    0.0000    0.0000    2512    1225       0       0    0.0205    0.0000   2
ST24      35.6012 -117.3811    0.0000    0.0000    2050     988       0       0    0.0211    0.0000   2
ST25      35.6976 -117.6032    0.0000    0.0000    2138    1381       0       0    0.0200    0.0000   2
ST26      35.5761 -117.4187    0.0000    0.0000    2073     982       0       0    0.0207    0.0000   2
ST0       35.5249 -117.3646    0.0000    0.0000     170     167       0       0    0.0234    0.0000   3
ST1       35.8157 -117.5975    0.0000    0.0000     404     243       0       0    0.0194    0.0000   3
ST2       36.2714 -117.5922    0.0000    0.0000     390     254       0       0    0.0285    0.0000   3
ST3       35.9825 -117.8089    0.0000    0.0000     293     195       0       0    0.0261    0.0000   3
ST4       35.4795 -117.6821    0.0000    0.0000     331     184       0       0    0.0260    0.0000   3
ST5       36.0579 -117.4891    0.0000    0.0000     360     146       0       0    0.0255    0.0000   3
ST6       35.8909 -117.2834    0.0000    0.0000     437     171       0       0    0.0256    0.0000   3
ST7       35.6923 -117.7505    0.0000    0.0000     367     226       0       0    0.0265    0.0000   3
ST8       35.8085 -117.7649    0.0000    0.0000     320     190       0       0    0.0189    0.0000   3
ST9       35.6084 -117.8905    0.0000    0.0000     427     220       0       0    0.0235    0.0000   3
ST10      36.0252 -117.7653    0.0000    0.0000     319     387       0       0    0.0184    0.0000   3
ST11      36.1175 -117.8549    0.0000    0.0000     438     222       0       0    0.0259    0.0000   3
ST12      35.9479 -117.6504    0.0000    0.0000     432     189       0       0    0.0236    0.0000   3
ST13      35.6651 -117.4237    0.0000    0.0000     390     121       0       0    0.0227    0.0000   3
ST14      35.8291 -117.3555    0.0000    0.0000     332     207       0       0    0.0242    0.0000   3
ST15      35.6220 -117.5691    0.0000    0.0000     421     148       0       0    0.0182    0.0000   3
ST16      35.4783 -117.5602    0.0000    0.0000     257     135       0       0    0.0187    0.0000   3
ST17      35.5893 -117.2869    0.0000    0.0000     265     117       0       0    0.0243    0.0000   3
ST18      35.5996 -117.4927    0.0000    0.0000     273     158       0       0    0.0202    0.0000   3
ST19      35.6455 -117.4776    0.0000    0.0000     281     121       0       0    0.0201    0.0000   3
ST20      35.8855 -117.7048    0.0000    0.0000     468     178       0       0    0.0233    0.0000   3
ST21      35.7705 -117.5997    0.0000    0.0000     379     209       0       0    0.0207    0.0000   3
ST22      35.9023 -117.7018    0.0000    0.0000     329     184       0       0    0.0271    0.0000   3
ST23      35.7224 -117.5719    0.0000    0.0000     420     142       0       0    0.0190    0.0000   3
ST24      35.6012 -117.3811    0.0000    0.0000     315     180       0       0    0.0237    0.0000   3
ST25      35.6976 -117.6032    0.0000    0.0000     515     286       0       0    0.0174    0.0000   3
ST26      35.5761 -117.4187    0.0000    0.0000     215     181       0       0    0.0237    0.0000   3
ST0       35.5249 -117.3646    0.0000    0.0000     236     166       0       0    0.0253    0.0000   4
ST1       35.8157 -117.5975    0.0000    0.0000     286     168       0       0    0.0305    0.0000   4
ST2       36.2714 -117.5922    0.0000    0.0000     167     129       0       0    0.0320    0.0000   4
ST3       35.9825 -117.8089    0.0000    0.0000     269     142       0       0    0.0266    0.0000   4
ST4       35.4795 -117.6821    0.0000    0.0000     254      85       0       0    0.0299    0.0000   4
ST5       36.0579 -117.4891    0.0000    0.0000     151     121       0       0    0.0340    0.0000   4
ST6       35.8909 -117.2834    0.0000    0.0000     222      87       0       0    0.0243    0.0000   4
ST7       35.6923 -117.7505    0.0000    0.0000     277     128       0       0    0.0380    0.0000   4
ST8       35.8085 -117.7649    0.0000    0.0000     231     138       0       0    0.0218    0.0000   4
ST9       35.6084 -117.8905    0.0000    0.0000     218     118       0       0    0.0275    0.0000   4
ST10      36.0252 -117.7653    0.0000    0.0000     217     116       0       0    0.0245    0.0000   4
ST11      36.1175 -117.8549    0.0000    0.0000     157     125       0       0    0.0239    0.0000   4
ST12      35.9479 -117.6504    0.0000    0.0000     298     192       0       0    0.0249    0.0000   4
ST13      35.6651 -117.4237    0.0000    0.0000     227      90       0       0    0.0197    0.0000   4
ST14      35.8291 -117.3555    0.0000    0.0000     172     133       0       0    0.0250    0.0000   4
ST15      35.6220 -117.5691    0.0000    0.0000     254     110       0       0    0.0283    0.0000   4
ST16      35.4783 -117.5602    0.0000    0.0000     237     101       0       0    0.0322    0.0000   4
ST17      35.5893 -117.2869    0.0000    0.0000     313     219       0       0    0.0218    0.0000   4
ST18      35.5996 -117.4927    0.0000    0.0000     295     116       0       0    0.0356    0.0000   4
ST19      35.6455 -117.4776    0.0000    0.0000     217     208       0       0    0.0311    0.0000   4
ST20      35.8855 -117.7048    0.0000    0.0000     210     188       0       0    0.0217    0.0000   4
ST21      35.7705 -117.5997    0.0000    0.0000     164     146       0       0    0.0345    0.0000   4
ST22      35.9023 -117.7018    0.0000    0.0000     272     151       0       0    0.0229    0.0000   4
ST23      35.7224 -117.5719    0.0000    0.0000     285     132       0       0    0.0323    0.0000   4
ST24      35.6012 -117.3811    0.0000    0.0000     243     243       0       0    0.0265    0.0000   4
ST25      35.6976 -117.6032    0.0000    0.0000     330     149       0       0    0.0247    0.0000   4
ST26      35.5761 -117.4187    0.0000    0.0000     289     131       0       0    0.0242    0.0000   4
